[0.024s] Invoking command in '/home/songyoungbo/ros2_ws/build/cpp_pubsub': CMAKE_PREFIX_PATH=/opt/ros/foxy:${CMAKE_PREFIX_PATH} /usr/bin/cmake /home/songyoungbo/ros2_ws/src/cpp_pubsub -DCMAKE_INSTALL_PREFIX=/home/songyoungbo/ros2_ws/install/cpp_pubsub
[0.202s] -- The C compiler identification is GNU 9.4.0
[0.353s] -- The CXX compiler identification is GNU 9.4.0
[0.366s] -- Check for working C compiler: /usr/bin/cc
[0.470s] -- Check for working C compiler: /usr/bin/cc -- works
[0.473s] -- Detecting C compiler ABI info
[0.558s] -- Detecting C compiler ABI info - done
[0.572s] -- Detecting C compile features
[0.573s] -- Detecting C compile features - done
[0.577s] -- Check for working CXX compiler: /usr/bin/c++
[0.671s] -- Check for working CXX compiler: /usr/bin/c++ -- works
[0.673s] -- Detecting CXX compiler ABI info
[0.768s] -- Detecting CXX compiler ABI info - done
[0.781s] -- Detecting CXX compile features
[0.782s] -- Detecting CXX compile features - done
[0.800s] -- Found ament_cmake: 0.9.9 (/opt/ros/foxy/share/ament_cmake/cmake)
[0.858s] -- Found PythonInterp: /usr/bin/python3 (found suitable version "3.8.10", minimum required is "3") 
[0.859s] -- Using PYTHON_EXECUTABLE: /usr/bin/python3
[1.304s] -- Found rclcpp: 2.4.1 (/opt/ros/foxy/share/rclcpp/cmake)
[1.379s] -- Using all available rosidl_typesupport_c: rosidl_typesupport_fastrtps_c;rosidl_typesupport_introspection_c
[1.390s] -- Found rosidl_adapter: 1.2.1 (/opt/ros/foxy/share/rosidl_adapter/cmake)
[1.515s] -- Found OpenSSL: /usr/lib/x86_64-linux-gnu/libcrypto.so (found version "1.1.1f")  
[1.558s] -- Found FastRTPS: /opt/ros/foxy/include  
[1.666s] -- Using all available rosidl_typesupport_cpp: rosidl_typesupport_fastrtps_cpp;rosidl_typesupport_introspection_cpp
[1.750s] -- Found rmw_implementation_cmake: 1.0.3 (/opt/ros/foxy/share/rmw_implementation_cmake/cmake)
[1.753s] -- Using RMW implementation 'rmw_fastrtps_cpp' as default
[1.755s] -- Looking for pthread.h
[1.842s] -- Looking for pthread.h - found
[1.842s] -- Performing Test CMAKE_HAVE_LIBC_PTHREAD
[1.930s] -- Performing Test CMAKE_HAVE_LIBC_PTHREAD - Failed
[1.930s] -- Looking for pthread_create in pthreads
[2.013s] -- Looking for pthread_create in pthreads - not found
[2.013s] -- Looking for pthread_create in pthread
[2.096s] -- Looking for pthread_create in pthread - found
[2.098s] -- Found Threads: TRUE  
[2.385s] -- Configuring done
[2.407s] -- Generating done
[2.410s] -- Build files have been written to: /home/songyoungbo/ros2_ws/build/cpp_pubsub
[2.417s] Invoked command in '/home/songyoungbo/ros2_ws/build/cpp_pubsub' returned '0': CMAKE_PREFIX_PATH=/opt/ros/foxy:${CMAKE_PREFIX_PATH} /usr/bin/cmake /home/songyoungbo/ros2_ws/src/cpp_pubsub -DCMAKE_INSTALL_PREFIX=/home/songyoungbo/ros2_ws/install/cpp_pubsub
[2.422s] Invoking command in '/home/songyoungbo/ros2_ws/build/cpp_pubsub': CMAKE_PREFIX_PATH=/opt/ros/foxy:${CMAKE_PREFIX_PATH} /usr/bin/cmake --build /home/songyoungbo/ros2_ws/build/cpp_pubsub -- -j4 -l4
[2.469s] [35m[1mScanning dependencies of target talker[0m
[2.469s] [35m[1mScanning dependencies of target listener[0m
[2.516s] [ 25%] [32mBuilding CXX object CMakeFiles/listener.dir/src/subscriber_member_function.cpp.o[0m
[2.529s] [ 50%] [32mBuilding CXX object CMakeFiles/talker.dir/src/publisher_member_function.cpp.o[0m
[6.400s] [ 75%] [32m[1mLinking CXX executable talker[0m
[6.669s] [ 75%] Built target talker
[8.360s] [100%] [32m[1mLinking CXX executable listener[0m
[8.669s] [100%] Built target listener
[8.683s] Invoked command in '/home/songyoungbo/ros2_ws/build/cpp_pubsub' returned '0': CMAKE_PREFIX_PATH=/opt/ros/foxy:${CMAKE_PREFIX_PATH} /usr/bin/cmake --build /home/songyoungbo/ros2_ws/build/cpp_pubsub -- -j4 -l4
[8.729s] Invoking command in '/home/songyoungbo/ros2_ws/build/cpp_pubsub': CMAKE_PREFIX_PATH=/opt/ros/foxy:${CMAKE_PREFIX_PATH} /usr/bin/cmake --install /home/songyoungbo/ros2_ws/build/cpp_pubsub
[8.740s] -- Install configuration: ""
[8.740s] -- Installing: /home/songyoungbo/ros2_ws/install/cpp_pubsub/lib/cpp_pubsub/talker
[8.741s] -- Set runtime path of "/home/songyoungbo/ros2_ws/install/cpp_pubsub/lib/cpp_pubsub/talker" to ""
[8.742s] -- Installing: /home/songyoungbo/ros2_ws/install/cpp_pubsub/share/ament_index/resource_index/package_run_dependencies/cpp_pubsub
[8.742s] -- Installing: /home/songyoungbo/ros2_ws/install/cpp_pubsub/share/ament_index/resource_index/parent_prefix_path/cpp_pubsub
[8.742s] -- Installing: /home/songyoungbo/ros2_ws/install/cpp_pubsub/share/cpp_pubsub/environment/ament_prefix_path.sh
[8.742s] -- Installing: /home/songyoungbo/ros2_ws/install/cpp_pubsub/share/cpp_pubsub/environment/ament_prefix_path.dsv
[8.742s] -- Installing: /home/songyoungbo/ros2_ws/install/cpp_pubsub/share/cpp_pubsub/environment/path.sh
[8.743s] -- Installing: /home/songyoungbo/ros2_ws/install/cpp_pubsub/share/cpp_pubsub/environment/path.dsv
[8.743s] -- Installing: /home/songyoungbo/ros2_ws/install/cpp_pubsub/share/cpp_pubsub/local_setup.bash
[8.743s] -- Installing: /home/songyoungbo/ros2_ws/install/cpp_pubsub/share/cpp_pubsub/local_setup.sh
[8.743s] -- Installing: /home/songyoungbo/ros2_ws/install/cpp_pubsub/share/cpp_pubsub/local_setup.zsh
[8.744s] -- Installing: /home/songyoungbo/ros2_ws/install/cpp_pubsub/share/cpp_pubsub/local_setup.dsv
[8.744s] -- Installing: /home/songyoungbo/ros2_ws/install/cpp_pubsub/share/cpp_pubsub/package.dsv
[8.744s] -- Installing: /home/songyoungbo/ros2_ws/install/cpp_pubsub/share/ament_index/resource_index/packages/cpp_pubsub
[8.744s] -- Installing: /home/songyoungbo/ros2_ws/install/cpp_pubsub/share/cpp_pubsub/cmake/cpp_pubsubConfig.cmake
[8.745s] -- Installing: /home/songyoungbo/ros2_ws/install/cpp_pubsub/share/cpp_pubsub/cmake/cpp_pubsubConfig-version.cmake
[8.745s] -- Installing: /home/songyoungbo/ros2_ws/install/cpp_pubsub/share/cpp_pubsub/package.xml
[8.749s] Invoked command in '/home/songyoungbo/ros2_ws/build/cpp_pubsub' returned '0': CMAKE_PREFIX_PATH=/opt/ros/foxy:${CMAKE_PREFIX_PATH} /usr/bin/cmake --install /home/songyoungbo/ros2_ws/build/cpp_pubsub
