[0.430s] DEBUG:colcon:Command line arguments: ['/usr/bin/colcon', 'build', '--packages-select', 'cpp_pubsub']
[0.430s] DEBUG:colcon:Parsed command line arguments: Namespace(allow_overriding=[], ament_cmake_args=None, base_paths=['.'], build_base='build', catkin_cmake_args=None, catkin_skip_building_tests=False, cmake_args=None, cmake_clean_cache=False, cmake_clean_first=False, cmake_force_configure=False, cmake_target=None, cmake_target_skip_unavailable=False, continue_on_error=False, event_handlers=None, executor='parallel', ignore_user_meta=False, install_base='install', log_base=None, log_level=None, main=<bound method BuildVerb.main of <colcon_core.verb.build.BuildVerb object at 0x7ff79ca8a9d0>>, merge_install=False, metas=['./colcon.meta'], packages_above=None, packages_above_and_dependencies=None, packages_above_depth=None, packages_end=None, packages_ignore=None, packages_ignore_regex=None, packages_select=['cpp_pubsub'], packages_select_build_failed=False, packages_select_by_dep=None, packages_select_regex=None, packages_select_test_failures=False, packages_skip=None, packages_skip_build_finished=False, packages_skip_by_dep=None, packages_skip_regex=None, packages_skip_test_passed=False, packages_skip_up_to=None, packages_start=None, packages_up_to=None, packages_up_to_regex=None, parallel_workers=4, paths=None, symlink_install=False, test_result_base=None, verb_extension=<colcon_core.verb.build.BuildVerb object at 0x7ff79ca8a9d0>, verb_name='build', verb_parser=<colcon_defaults.argument_parser.defaults.DefaultArgumentsDecorator object at 0x7ff79c954400>)
[0.505s] Level 1:colcon.colcon_core.package_discovery:discover_packages(colcon_meta) check parameters
[0.506s] Level 1:colcon.colcon_core.package_discovery:discover_packages(recursive) check parameters
[0.506s] Level 1:colcon.colcon_core.package_discovery:discover_packages(ignore) check parameters
[0.506s] Level 1:colcon.colcon_core.package_discovery:discover_packages(path) check parameters
[0.506s] Level 1:colcon.colcon_core.package_discovery:discover_packages(colcon_meta) discover
[0.506s] Level 1:colcon.colcon_core.package_discovery:discover_packages(recursive) discover
[0.506s] INFO:colcon.colcon_core.package_discovery:Crawling recursively for packages in '/home/songyoungbo/ros2_ws'
[0.506s] Level 1:colcon.colcon_core.package_identification:_identify(.) by extensions ['ignore', 'ignore_ament_install']
[0.506s] Level 1:colcon.colcon_core.package_identification:_identify(.) by extension 'ignore'
[0.506s] Level 1:colcon.colcon_core.package_identification:_identify(.) by extension 'ignore_ament_install'
[0.506s] Level 1:colcon.colcon_core.package_identification:_identify(.) by extensions ['colcon_pkg']
[0.506s] Level 1:colcon.colcon_core.package_identification:_identify(.) by extension 'colcon_pkg'
[0.506s] Level 1:colcon.colcon_core.package_identification:_identify(.) by extensions ['colcon_meta']
[0.506s] Level 1:colcon.colcon_core.package_identification:_identify(.) by extension 'colcon_meta'
[0.506s] Level 1:colcon.colcon_core.package_identification:_identify(.) by extensions ['ros']
[0.506s] Level 1:colcon.colcon_core.package_identification:_identify(.) by extension 'ros'
[0.522s] Level 1:colcon.colcon_core.package_identification:_identify(.) by extensions ['cmake', 'python']
[0.522s] Level 1:colcon.colcon_core.package_identification:_identify(.) by extension 'cmake'
[0.522s] Level 1:colcon.colcon_core.package_identification:_identify(.) by extension 'python'
[0.523s] Level 1:colcon.colcon_core.package_identification:_identify(.) by extensions ['python_setup_py']
[0.523s] Level 1:colcon.colcon_core.package_identification:_identify(.) by extension 'python_setup_py'
[0.523s] Level 1:colcon.colcon_core.package_identification:_identify(build) by extensions ['ignore', 'ignore_ament_install']
[0.523s] Level 1:colcon.colcon_core.package_identification:_identify(build) by extension 'ignore'
[0.523s] Level 1:colcon.colcon_core.package_identification:_identify(build) ignored
[0.523s] Level 1:colcon.colcon_core.package_identification:_identify(install) by extensions ['ignore', 'ignore_ament_install']
[0.523s] Level 1:colcon.colcon_core.package_identification:_identify(install) by extension 'ignore'
[0.523s] Level 1:colcon.colcon_core.package_identification:_identify(install) ignored
[0.523s] Level 1:colcon.colcon_core.package_identification:_identify(log) by extensions ['ignore', 'ignore_ament_install']
[0.523s] Level 1:colcon.colcon_core.package_identification:_identify(log) by extension 'ignore'
[0.523s] Level 1:colcon.colcon_core.package_identification:_identify(log) ignored
[0.524s] Level 1:colcon.colcon_core.package_identification:_identify(src) by extensions ['ignore', 'ignore_ament_install']
[0.524s] Level 1:colcon.colcon_core.package_identification:_identify(src) by extension 'ignore'
[0.524s] Level 1:colcon.colcon_core.package_identification:_identify(src) by extension 'ignore_ament_install'
[0.524s] Level 1:colcon.colcon_core.package_identification:_identify(src) by extensions ['colcon_pkg']
[0.524s] Level 1:colcon.colcon_core.package_identification:_identify(src) by extension 'colcon_pkg'
[0.524s] Level 1:colcon.colcon_core.package_identification:_identify(src) by extensions ['colcon_meta']
[0.524s] Level 1:colcon.colcon_core.package_identification:_identify(src) by extension 'colcon_meta'
[0.524s] Level 1:colcon.colcon_core.package_identification:_identify(src) by extensions ['ros']
[0.524s] Level 1:colcon.colcon_core.package_identification:_identify(src) by extension 'ros'
[0.524s] Level 1:colcon.colcon_core.package_identification:_identify(src) by extensions ['cmake', 'python']
[0.524s] Level 1:colcon.colcon_core.package_identification:_identify(src) by extension 'cmake'
[0.524s] Level 1:colcon.colcon_core.package_identification:_identify(src) by extension 'python'
[0.524s] Level 1:colcon.colcon_core.package_identification:_identify(src) by extensions ['python_setup_py']
[0.524s] Level 1:colcon.colcon_core.package_identification:_identify(src) by extension 'python_setup_py'
[0.524s] Level 1:colcon.colcon_core.package_identification:_identify(src/cpp_pubsub) by extensions ['ignore', 'ignore_ament_install']
[0.524s] Level 1:colcon.colcon_core.package_identification:_identify(src/cpp_pubsub) by extension 'ignore'
[0.525s] Level 1:colcon.colcon_core.package_identification:_identify(src/cpp_pubsub) by extension 'ignore_ament_install'
[0.525s] Level 1:colcon.colcon_core.package_identification:_identify(src/cpp_pubsub) by extensions ['colcon_pkg']
[0.525s] Level 1:colcon.colcon_core.package_identification:_identify(src/cpp_pubsub) by extension 'colcon_pkg'
[0.525s] Level 1:colcon.colcon_core.package_identification:_identify(src/cpp_pubsub) by extensions ['colcon_meta']
[0.525s] Level 1:colcon.colcon_core.package_identification:_identify(src/cpp_pubsub) by extension 'colcon_meta'
[0.525s] Level 1:colcon.colcon_core.package_identification:_identify(src/cpp_pubsub) by extensions ['ros']
[0.525s] Level 1:colcon.colcon_core.package_identification:_identify(src/cpp_pubsub) by extension 'ros'
[0.528s] DEBUG:colcon.colcon_core.package_identification:Package 'src/cpp_pubsub' with type 'ros.ament_cmake' and name 'cpp_pubsub'
[0.528s] Level 1:colcon.colcon_core.package_discovery:discover_packages(recursive) using defaults
[0.528s] Level 1:colcon.colcon_core.package_discovery:discover_packages(ignore) discover
[0.528s] Level 1:colcon.colcon_core.package_discovery:discover_packages(ignore) using defaults
[0.528s] Level 1:colcon.colcon_core.package_discovery:discover_packages(path) discover
[0.528s] Level 1:colcon.colcon_core.package_discovery:discover_packages(path) using defaults
[0.559s] Level 1:colcon.colcon_core.package_discovery:discover_packages(prefix_path) check parameters
[0.559s] Level 1:colcon.colcon_core.package_discovery:discover_packages(prefix_path) discover
[0.565s] DEBUG:colcon.colcon_installed_package_information.package_discovery:Found 256 installed packages in /opt/ros/foxy
[0.569s] Level 1:colcon.colcon_core.package_discovery:discover_packages(prefix_path) using defaults
[0.662s] Level 5:colcon.colcon_core.verb:set package 'cpp_pubsub' build argument 'cmake_args' from command line to 'None'
[0.662s] Level 5:colcon.colcon_core.verb:set package 'cpp_pubsub' build argument 'cmake_target' from command line to 'None'
[0.662s] Level 5:colcon.colcon_core.verb:set package 'cpp_pubsub' build argument 'cmake_target_skip_unavailable' from command line to 'False'
[0.663s] Level 5:colcon.colcon_core.verb:set package 'cpp_pubsub' build argument 'cmake_clean_cache' from command line to 'False'
[0.663s] Level 5:colcon.colcon_core.verb:set package 'cpp_pubsub' build argument 'cmake_clean_first' from command line to 'False'
[0.663s] Level 5:colcon.colcon_core.verb:set package 'cpp_pubsub' build argument 'cmake_force_configure' from command line to 'False'
[0.663s] Level 5:colcon.colcon_core.verb:set package 'cpp_pubsub' build argument 'ament_cmake_args' from command line to 'None'
[0.663s] Level 5:colcon.colcon_core.verb:set package 'cpp_pubsub' build argument 'catkin_cmake_args' from command line to 'None'
[0.663s] Level 5:colcon.colcon_core.verb:set package 'cpp_pubsub' build argument 'catkin_skip_building_tests' from command line to 'False'
[0.663s] DEBUG:colcon.colcon_core.verb:Building package 'cpp_pubsub' with the following arguments: {'ament_cmake_args': None, 'build_base': '/home/songyoungbo/ros2_ws/build/cpp_pubsub', 'catkin_cmake_args': None, 'catkin_skip_building_tests': False, 'cmake_args': None, 'cmake_clean_cache': False, 'cmake_clean_first': False, 'cmake_force_configure': False, 'cmake_target': None, 'cmake_target_skip_unavailable': False, 'install_base': '/home/songyoungbo/ros2_ws/install/cpp_pubsub', 'merge_install': False, 'path': '/home/songyoungbo/ros2_ws/src/cpp_pubsub', 'symlink_install': False, 'test_result_base': None}
[0.666s] INFO:colcon.colcon_core.executor:Executing jobs using 'parallel' executor
[0.676s] DEBUG:colcon.colcon_parallel_executor.executor.parallel:run_until_complete
[0.676s] INFO:colcon.colcon_ros.task.ament_cmake.build:Building ROS package in '/home/songyoungbo/ros2_ws/src/cpp_pubsub' with build type 'ament_cmake'
[0.676s] INFO:colcon.colcon_cmake.task.cmake.build:Building CMake package in '/home/songyoungbo/ros2_ws/src/cpp_pubsub'
[0.687s] INFO:colcon.colcon_core.plugin_system:Skipping extension 'colcon_core.shell.bat': Not used on non-Windows systems
[0.687s] INFO:colcon.colcon_core.shell:Skip shell extension 'powershell' for command environment: Not usable outside of PowerShell
[0.687s] DEBUG:colcon.colcon_core.shell:Skip shell extension 'dsv' for command environment
[0.693s] DEBUG:colcon.colcon_core.shell:Ignoring prefix path '/home/songyoungbo/catkin_ws/devel'
[0.703s] DEBUG:colcon.colcon_core.event_handler.log_command:Invoking command in '/home/songyoungbo/ros2_ws/build/cpp_pubsub': CMAKE_PREFIX_PATH=/opt/ros/foxy:${CMAKE_PREFIX_PATH} /usr/bin/cmake /home/songyoungbo/ros2_ws/src/cpp_pubsub -DCMAKE_INSTALL_PREFIX=/home/songyoungbo/ros2_ws/install/cpp_pubsub
[3.095s] DEBUG:colcon.colcon_core.event_handler.log_command:Invoked command in '/home/songyoungbo/ros2_ws/build/cpp_pubsub' returned '0': CMAKE_PREFIX_PATH=/opt/ros/foxy:${CMAKE_PREFIX_PATH} /usr/bin/cmake /home/songyoungbo/ros2_ws/src/cpp_pubsub -DCMAKE_INSTALL_PREFIX=/home/songyoungbo/ros2_ws/install/cpp_pubsub
[3.100s] DEBUG:colcon.colcon_core.event_handler.log_command:Invoking command in '/home/songyoungbo/ros2_ws/build/cpp_pubsub': CMAKE_PREFIX_PATH=/opt/ros/foxy:${CMAKE_PREFIX_PATH} /usr/bin/cmake --build /home/songyoungbo/ros2_ws/build/cpp_pubsub -- -j4 -l4
[9.361s] DEBUG:colcon.colcon_core.event_handler.log_command:Invoked command in '/home/songyoungbo/ros2_ws/build/cpp_pubsub' returned '0': CMAKE_PREFIX_PATH=/opt/ros/foxy:${CMAKE_PREFIX_PATH} /usr/bin/cmake --build /home/songyoungbo/ros2_ws/build/cpp_pubsub -- -j4 -l4
[9.407s] DEBUG:colcon.colcon_core.event_handler.log_command:Invoking command in '/home/songyoungbo/ros2_ws/build/cpp_pubsub': CMAKE_PREFIX_PATH=/opt/ros/foxy:${CMAKE_PREFIX_PATH} /usr/bin/cmake --install /home/songyoungbo/ros2_ws/build/cpp_pubsub
[9.424s] Level 1:colcon.colcon_core.environment:create_environment_scripts_only(cpp_pubsub)
[9.427s] DEBUG:colcon.colcon_core.event_handler.log_command:Invoked command in '/home/songyoungbo/ros2_ws/build/cpp_pubsub' returned '0': CMAKE_PREFIX_PATH=/opt/ros/foxy:${CMAKE_PREFIX_PATH} /usr/bin/cmake --install /home/songyoungbo/ros2_ws/build/cpp_pubsub
[9.437s] Level 1:colcon.colcon_core.environment:checking '/home/songyoungbo/ros2_ws/install/cpp_pubsub' for CMake module files
[9.438s] Level 1:colcon.colcon_core.environment:checking '/home/songyoungbo/ros2_ws/install/cpp_pubsub' for CMake config files
[9.438s] Level 1:colcon.colcon_core.shell:create_environment_hook('cpp_pubsub', 'cmake_prefix_path')
[9.441s] INFO:colcon.colcon_core.shell:Creating environment hook '/home/songyoungbo/ros2_ws/install/cpp_pubsub/share/cpp_pubsub/hook/cmake_prefix_path.ps1'
[9.442s] INFO:colcon.colcon_core.shell:Creating environment descriptor '/home/songyoungbo/ros2_ws/install/cpp_pubsub/share/cpp_pubsub/hook/cmake_prefix_path.dsv'
[9.443s] INFO:colcon.colcon_core.shell:Creating environment hook '/home/songyoungbo/ros2_ws/install/cpp_pubsub/share/cpp_pubsub/hook/cmake_prefix_path.sh'
[9.444s] Level 1:colcon.colcon_core.environment:checking '/home/songyoungbo/ros2_ws/install/cpp_pubsub/lib'
[9.445s] Level 1:colcon.colcon_core.environment:checking '/home/songyoungbo/ros2_ws/install/cpp_pubsub/bin'
[9.445s] Level 1:colcon.colcon_core.environment:checking '/home/songyoungbo/ros2_ws/install/cpp_pubsub/lib/pkgconfig/cpp_pubsub.pc'
[9.445s] Level 1:colcon.colcon_core.environment:checking '/home/songyoungbo/ros2_ws/install/cpp_pubsub/lib/python3.8/site-packages'
[9.445s] Level 1:colcon.colcon_core.environment:checking '/home/songyoungbo/ros2_ws/install/cpp_pubsub/bin'
[9.449s] INFO:colcon.colcon_core.shell:Creating package script '/home/songyoungbo/ros2_ws/install/cpp_pubsub/share/cpp_pubsub/package.ps1'
[9.450s] INFO:colcon.colcon_core.shell:Creating package descriptor '/home/songyoungbo/ros2_ws/install/cpp_pubsub/share/cpp_pubsub/package.dsv'
[9.451s] INFO:colcon.colcon_core.shell:Creating package script '/home/songyoungbo/ros2_ws/install/cpp_pubsub/share/cpp_pubsub/package.sh'
[9.452s] INFO:colcon.colcon_core.shell:Creating package script '/home/songyoungbo/ros2_ws/install/cpp_pubsub/share/cpp_pubsub/package.bash'
[9.453s] INFO:colcon.colcon_core.shell:Creating package script '/home/songyoungbo/ros2_ws/install/cpp_pubsub/share/cpp_pubsub/package.zsh'
[9.455s] Level 1:colcon.colcon_core.environment:create_file_with_runtime_dependencies(/home/songyoungbo/ros2_ws/install/cpp_pubsub/share/colcon-core/packages/cpp_pubsub)
[9.490s] Level 1:colcon.colcon_core.environment:create_environment_scripts_only(cpp_pubsub)
[9.494s] Level 1:colcon.colcon_core.environment:checking '/home/songyoungbo/ros2_ws/install/cpp_pubsub' for CMake module files
[9.495s] Level 1:colcon.colcon_core.environment:checking '/home/songyoungbo/ros2_ws/install/cpp_pubsub' for CMake config files
[9.495s] Level 1:colcon.colcon_core.shell:create_environment_hook('cpp_pubsub', 'cmake_prefix_path')
[9.498s] INFO:colcon.colcon_core.shell:Creating environment hook '/home/songyoungbo/ros2_ws/install/cpp_pubsub/share/cpp_pubsub/hook/cmake_prefix_path.ps1'
[9.499s] INFO:colcon.colcon_core.shell:Creating environment descriptor '/home/songyoungbo/ros2_ws/install/cpp_pubsub/share/cpp_pubsub/hook/cmake_prefix_path.dsv'
[9.499s] INFO:colcon.colcon_core.shell:Creating environment hook '/home/songyoungbo/ros2_ws/install/cpp_pubsub/share/cpp_pubsub/hook/cmake_prefix_path.sh'
[9.500s] Level 1:colcon.colcon_core.environment:checking '/home/songyoungbo/ros2_ws/install/cpp_pubsub/lib'
[9.500s] Level 1:colcon.colcon_core.environment:checking '/home/songyoungbo/ros2_ws/install/cpp_pubsub/bin'
[9.500s] Level 1:colcon.colcon_core.environment:checking '/home/songyoungbo/ros2_ws/install/cpp_pubsub/lib/pkgconfig/cpp_pubsub.pc'
[9.501s] Level 1:colcon.colcon_core.environment:checking '/home/songyoungbo/ros2_ws/install/cpp_pubsub/lib/python3.8/site-packages'
[9.501s] Level 1:colcon.colcon_core.environment:checking '/home/songyoungbo/ros2_ws/install/cpp_pubsub/bin'
[9.504s] INFO:colcon.colcon_core.shell:Creating package script '/home/songyoungbo/ros2_ws/install/cpp_pubsub/share/cpp_pubsub/package.ps1'
[9.505s] INFO:colcon.colcon_core.shell:Creating package descriptor '/home/songyoungbo/ros2_ws/install/cpp_pubsub/share/cpp_pubsub/package.dsv'
[9.505s] INFO:colcon.colcon_core.shell:Creating package script '/home/songyoungbo/ros2_ws/install/cpp_pubsub/share/cpp_pubsub/package.sh'
[9.506s] INFO:colcon.colcon_core.shell:Creating package script '/home/songyoungbo/ros2_ws/install/cpp_pubsub/share/cpp_pubsub/package.bash'
[9.506s] INFO:colcon.colcon_core.shell:Creating package script '/home/songyoungbo/ros2_ws/install/cpp_pubsub/share/cpp_pubsub/package.zsh'
[9.507s] Level 1:colcon.colcon_core.environment:create_file_with_runtime_dependencies(/home/songyoungbo/ros2_ws/install/cpp_pubsub/share/colcon-core/packages/cpp_pubsub)
[9.507s] DEBUG:colcon.colcon_parallel_executor.executor.parallel:closing loop
[9.508s] DEBUG:colcon.colcon_parallel_executor.executor.parallel:loop closed
[9.508s] DEBUG:colcon.colcon_parallel_executor.executor.parallel:run_until_complete finished with '0'
[9.508s] DEBUG:colcon.colcon_core.event_reactor:joining thread
[9.521s] INFO:colcon.colcon_core.plugin_system:Skipping extension 'colcon_notification.desktop_notification.terminal_notifier': Not used on non-Darwin systems
[9.521s] INFO:colcon.colcon_core.plugin_system:Skipping extension 'colcon_notification.desktop_notification.win32': Not used on non-Windows systems
[9.521s] INFO:colcon.colcon_notification.desktop_notification:Sending desktop notification using 'notify2'
[9.574s] DEBUG:colcon.colcon_core.event_reactor:joined thread
[9.582s] INFO:colcon.colcon_core.shell:Creating prefix script '/home/songyoungbo/ros2_ws/install/local_setup.ps1'
[9.585s] INFO:colcon.colcon_core.shell:Creating prefix util module '/home/songyoungbo/ros2_ws/install/_local_setup_util_ps1.py'
[9.588s] INFO:colcon.colcon_core.shell:Creating prefix chain script '/home/songyoungbo/ros2_ws/install/setup.ps1'
[9.592s] INFO:colcon.colcon_core.shell:Creating prefix script '/home/songyoungbo/ros2_ws/install/local_setup.sh'
[9.594s] INFO:colcon.colcon_core.shell:Creating prefix util module '/home/songyoungbo/ros2_ws/install/_local_setup_util_sh.py'
[9.595s] INFO:colcon.colcon_core.shell:Creating prefix chain script '/home/songyoungbo/ros2_ws/install/setup.sh'
[9.598s] INFO:colcon.colcon_core.shell:Creating prefix script '/home/songyoungbo/ros2_ws/install/local_setup.bash'
[9.600s] INFO:colcon.colcon_core.shell:Creating prefix chain script '/home/songyoungbo/ros2_ws/install/setup.bash'
[9.603s] INFO:colcon.colcon_core.shell:Creating prefix script '/home/songyoungbo/ros2_ws/install/local_setup.zsh'
[9.604s] INFO:colcon.colcon_core.shell:Creating prefix chain script '/home/songyoungbo/ros2_ws/install/setup.zsh'
