[0.020s] Invoking command in '/home/songyoungbo/ros2_ws/build/cpp_pubsub': CMAKE_PREFIX_PATH=/opt/ros/foxy:${CMAKE_PREFIX_PATH} /usr/bin/cmake --build /home/songyoungbo/ros2_ws/build/cpp_pubsub -- -j4 -l4
[0.054s] -- Found ament_cmake: 0.9.9 (/opt/ros/foxy/share/ament_cmake/cmake)
[0.079s] -- Using PYTHON_EXECUTABLE: /usr/bin/python3
[0.333s] -- Found rclcpp: 2.4.1 (/opt/ros/foxy/share/rclcpp/cmake)
[0.372s] -- Using all available rosidl_typesupport_c: rosidl_typesupport_fastrtps_c;rosidl_typesupport_introspection_c
[0.376s] -- Found rosidl_adapter: 1.2.1 (/opt/ros/foxy/share/rosidl_adapter/cmake)
[0.518s] -- Using all available rosidl_typesupport_cpp: rosidl_typesupport_fastrtps_cpp;rosidl_typesupport_introspection_cpp
[0.576s] -- Found rmw_implementation_cmake: 1.0.3 (/opt/ros/foxy/share/rmw_implementation_cmake/cmake)
[0.577s] -- Using RMW implementation 'rmw_fastrtps_cpp' as default
[0.812s] -- Configuring done
[0.823s] -- Generating done
[0.825s] -- Build files have been written to: /home/songyoungbo/ros2_ws/build/cpp_pubsub
[0.878s] [ 75%] Built target talker
[0.878s] [ 75%] [32m[1mLinking CXX executable listener[0m
[1.185s] [100%] Built target listener
[1.198s] Invoked command in '/home/songyoungbo/ros2_ws/build/cpp_pubsub' returned '0': CMAKE_PREFIX_PATH=/opt/ros/foxy:${CMAKE_PREFIX_PATH} /usr/bin/cmake --build /home/songyoungbo/ros2_ws/build/cpp_pubsub -- -j4 -l4
[1.244s] Invoking command in '/home/songyoungbo/ros2_ws/build/cpp_pubsub': CMAKE_PREFIX_PATH=/opt/ros/foxy:${CMAKE_PREFIX_PATH} /usr/bin/cmake --install /home/songyoungbo/ros2_ws/build/cpp_pubsub
[1.255s] -- Install configuration: ""
[1.255s] -- Up-to-date: /home/songyoungbo/ros2_ws/install/cpp_pubsub/lib/cpp_pubsub/talker
[1.255s] -- Installing: /home/songyoungbo/ros2_ws/install/cpp_pubsub/lib/cpp_pubsub/listener
[1.258s] -- Set runtime path of "/home/songyoungbo/ros2_ws/install/cpp_pubsub/lib/cpp_pubsub/listener" to ""
[1.258s] -- Up-to-date: /home/songyoungbo/ros2_ws/install/cpp_pubsub/share/ament_index/resource_index/package_run_dependencies/cpp_pubsub
[1.258s] -- Up-to-date: /home/songyoungbo/ros2_ws/install/cpp_pubsub/share/ament_index/resource_index/parent_prefix_path/cpp_pubsub
[1.258s] -- Up-to-date: /home/songyoungbo/ros2_ws/install/cpp_pubsub/share/cpp_pubsub/environment/ament_prefix_path.sh
[1.259s] -- Installing: /home/songyoungbo/ros2_ws/install/cpp_pubsub/share/cpp_pubsub/environment/ament_prefix_path.dsv
[1.259s] -- Up-to-date: /home/songyoungbo/ros2_ws/install/cpp_pubsub/share/cpp_pubsub/environment/path.sh
[1.259s] -- Installing: /home/songyoungbo/ros2_ws/install/cpp_pubsub/share/cpp_pubsub/environment/path.dsv
[1.259s] -- Up-to-date: /home/songyoungbo/ros2_ws/install/cpp_pubsub/share/cpp_pubsub/local_setup.bash
[1.259s] -- Up-to-date: /home/songyoungbo/ros2_ws/install/cpp_pubsub/share/cpp_pubsub/local_setup.sh
[1.260s] -- Up-to-date: /home/songyoungbo/ros2_ws/install/cpp_pubsub/share/cpp_pubsub/local_setup.zsh
[1.260s] -- Installing: /home/songyoungbo/ros2_ws/install/cpp_pubsub/share/cpp_pubsub/local_setup.dsv
[1.260s] -- Installing: /home/songyoungbo/ros2_ws/install/cpp_pubsub/share/cpp_pubsub/package.dsv
[1.260s] -- Up-to-date: /home/songyoungbo/ros2_ws/install/cpp_pubsub/share/ament_index/resource_index/packages/cpp_pubsub
[1.260s] -- Up-to-date: /home/songyoungbo/ros2_ws/install/cpp_pubsub/share/cpp_pubsub/cmake/cpp_pubsubConfig.cmake
[1.261s] -- Up-to-date: /home/songyoungbo/ros2_ws/install/cpp_pubsub/share/cpp_pubsub/cmake/cpp_pubsubConfig-version.cmake
[1.261s] -- Up-to-date: /home/songyoungbo/ros2_ws/install/cpp_pubsub/share/cpp_pubsub/package.xml
[1.264s] Invoked command in '/home/songyoungbo/ros2_ws/build/cpp_pubsub' returned '0': CMAKE_PREFIX_PATH=/opt/ros/foxy:${CMAKE_PREFIX_PATH} /usr/bin/cmake --install /home/songyoungbo/ros2_ws/build/cpp_pubsub
