[0.721s] DEBUG:colcon:Command line arguments: ['/usr/bin/colcon', 'list', '-p', '--base-paths', '/home/songyoungbo/ros2_ws']
[0.721s] DEBUG:colcon:Parsed command line arguments: Namespace(allow_overriding=[], base_paths=['/home/songyoungbo/ros2_ws'], build_base='build', ignore_user_meta=False, log_base=None, log_level=None, main=<bound method ListVerb.main of <colcon_package_information.verb.list.ListVerb object at 0x7f35f3942fa0>>, metas=['./colcon.meta'], names_only=False, packages_above=None, packages_above_and_dependencies=None, packages_above_depth=None, packages_end=None, packages_ignore=None, packages_ignore_regex=None, packages_select=None, packages_select_build_failed=False, packages_select_by_dep=None, packages_select_regex=None, packages_select_test_failures=False, packages_skip=None, packages_skip_build_finished=False, packages_skip_by_dep=None, packages_skip_regex=None, packages_skip_test_passed=False, packages_skip_up_to=None, packages_start=None, packages_up_to=None, packages_up_to_regex=None, paths=None, paths_only=True, topological_graph=False, topological_graph_density=False, topological_graph_dot=False, topological_graph_dot_cluster=False, topological_graph_dot_include_skipped=False, topological_graph_legend=False, topological_order=False, verb_extension=<colcon_package_information.verb.list.ListVerb object at 0x7f35f3942fa0>, verb_name='list', verb_parser=<colcon_defaults.argument_parser.defaults.DefaultArgumentsDecorator object at 0x7f35f311a8b0>)
[0.905s] Level 1:colcon.colcon_core.package_discovery:discover_packages(colcon_meta) check parameters
[0.905s] Level 1:colcon.colcon_core.package_discovery:discover_packages(recursive) check parameters
[0.905s] Level 1:colcon.colcon_core.package_discovery:discover_packages(ignore) check parameters
[0.905s] Level 1:colcon.colcon_core.package_discovery:discover_packages(path) check parameters
[0.905s] Level 1:colcon.colcon_core.package_discovery:discover_packages(recursive) discover
[0.905s] INFO:colcon.colcon_core.package_discovery:Crawling recursively for packages in '/home/songyoungbo/ros2_ws'
[0.906s] Level 1:colcon.colcon_core.package_identification:_identify(/home/songyoungbo/ros2_ws) by extensions ['ignore', 'ignore_ament_install']
[0.906s] Level 1:colcon.colcon_core.package_identification:_identify(/home/songyoungbo/ros2_ws) by extension 'ignore'
[0.906s] Level 1:colcon.colcon_core.package_identification:_identify(/home/songyoungbo/ros2_ws) by extension 'ignore_ament_install'
[0.906s] Level 1:colcon.colcon_core.package_identification:_identify(/home/songyoungbo/ros2_ws) by extensions ['colcon_pkg']
[0.906s] Level 1:colcon.colcon_core.package_identification:_identify(/home/songyoungbo/ros2_ws) by extension 'colcon_pkg'
[0.906s] Level 1:colcon.colcon_core.package_identification:_identify(/home/songyoungbo/ros2_ws) by extensions ['colcon_meta']
[0.906s] Level 1:colcon.colcon_core.package_identification:_identify(/home/songyoungbo/ros2_ws) by extension 'colcon_meta'
[0.906s] Level 1:colcon.colcon_core.package_identification:_identify(/home/songyoungbo/ros2_ws) by extensions ['ros']
[0.906s] Level 1:colcon.colcon_core.package_identification:_identify(/home/songyoungbo/ros2_ws) by extension 'ros'
[0.942s] Level 1:colcon.colcon_core.package_identification:_identify(/home/songyoungbo/ros2_ws) by extensions ['cmake', 'python']
[0.942s] Level 1:colcon.colcon_core.package_identification:_identify(/home/songyoungbo/ros2_ws) by extension 'cmake'
[0.942s] Level 1:colcon.colcon_core.package_identification:_identify(/home/songyoungbo/ros2_ws) by extension 'python'
[0.942s] Level 1:colcon.colcon_core.package_identification:_identify(/home/songyoungbo/ros2_ws) by extensions ['python_setup_py']
[0.943s] Level 1:colcon.colcon_core.package_identification:_identify(/home/songyoungbo/ros2_ws) by extension 'python_setup_py'
[0.943s] Level 1:colcon.colcon_core.package_identification:_identify(/home/songyoungbo/ros2_ws/log) by extensions ['ignore', 'ignore_ament_install']
[0.943s] Level 1:colcon.colcon_core.package_identification:_identify(/home/songyoungbo/ros2_ws/log) by extension 'ignore'
[0.943s] Level 1:colcon.colcon_core.package_identification:_identify(/home/songyoungbo/ros2_ws/log) ignored
[0.944s] Level 1:colcon.colcon_core.package_identification:_identify(/home/songyoungbo/ros2_ws/src) by extensions ['ignore', 'ignore_ament_install']
[0.944s] Level 1:colcon.colcon_core.package_identification:_identify(/home/songyoungbo/ros2_ws/src) by extension 'ignore'
[0.944s] Level 1:colcon.colcon_core.package_identification:_identify(/home/songyoungbo/ros2_ws/src) by extension 'ignore_ament_install'
[0.944s] Level 1:colcon.colcon_core.package_identification:_identify(/home/songyoungbo/ros2_ws/src) by extensions ['colcon_pkg']
[0.944s] Level 1:colcon.colcon_core.package_identification:_identify(/home/songyoungbo/ros2_ws/src) by extension 'colcon_pkg'
[0.945s] Level 1:colcon.colcon_core.package_identification:_identify(/home/songyoungbo/ros2_ws/src) by extensions ['colcon_meta']
[0.945s] Level 1:colcon.colcon_core.package_identification:_identify(/home/songyoungbo/ros2_ws/src) by extension 'colcon_meta'
[0.945s] Level 1:colcon.colcon_core.package_identification:_identify(/home/songyoungbo/ros2_ws/src) by extensions ['ros']
[0.945s] Level 1:colcon.colcon_core.package_identification:_identify(/home/songyoungbo/ros2_ws/src) by extension 'ros'
[0.945s] Level 1:colcon.colcon_core.package_identification:_identify(/home/songyoungbo/ros2_ws/src) by extensions ['cmake', 'python']
[0.945s] Level 1:colcon.colcon_core.package_identification:_identify(/home/songyoungbo/ros2_ws/src) by extension 'cmake'
[0.945s] Level 1:colcon.colcon_core.package_identification:_identify(/home/songyoungbo/ros2_ws/src) by extension 'python'
[0.945s] Level 1:colcon.colcon_core.package_identification:_identify(/home/songyoungbo/ros2_ws/src) by extensions ['python_setup_py']
[0.946s] Level 1:colcon.colcon_core.package_identification:_identify(/home/songyoungbo/ros2_ws/src) by extension 'python_setup_py'
[0.946s] Level 1:colcon.colcon_core.package_identification:_identify(/home/songyoungbo/ros2_ws/src/cpp_pubsub) by extensions ['ignore', 'ignore_ament_install']
[0.946s] Level 1:colcon.colcon_core.package_identification:_identify(/home/songyoungbo/ros2_ws/src/cpp_pubsub) by extension 'ignore'
[0.946s] Level 1:colcon.colcon_core.package_identification:_identify(/home/songyoungbo/ros2_ws/src/cpp_pubsub) by extension 'ignore_ament_install'
[0.946s] Level 1:colcon.colcon_core.package_identification:_identify(/home/songyoungbo/ros2_ws/src/cpp_pubsub) by extensions ['colcon_pkg']
[0.946s] Level 1:colcon.colcon_core.package_identification:_identify(/home/songyoungbo/ros2_ws/src/cpp_pubsub) by extension 'colcon_pkg'
[0.947s] Level 1:colcon.colcon_core.package_identification:_identify(/home/songyoungbo/ros2_ws/src/cpp_pubsub) by extensions ['colcon_meta']
[0.947s] Level 1:colcon.colcon_core.package_identification:_identify(/home/songyoungbo/ros2_ws/src/cpp_pubsub) by extension 'colcon_meta'
[0.947s] Level 1:colcon.colcon_core.package_identification:_identify(/home/songyoungbo/ros2_ws/src/cpp_pubsub) by extensions ['ros']
[0.947s] Level 1:colcon.colcon_core.package_identification:_identify(/home/songyoungbo/ros2_ws/src/cpp_pubsub) by extension 'ros'
[0.953s] DEBUG:colcon.colcon_core.package_identification:Package '/home/songyoungbo/ros2_ws/src/cpp_pubsub' with type 'ros.ament_cmake' and name 'cpp_pubsub'
[0.953s] Level 1:colcon.colcon_core.package_discovery:discover_packages(recursive) using defaults
